<?xml version="1.0" encoding="UTF-8"?>
<testsuite xmlns:xsi="http://www.w3.org/2001/XMLSchema-instance" xsi:noNamespaceSchemaLocation="https://maven.apache.org/surefire/maven-surefire-plugin/xsd/surefire-test-report.xsd" name="com.google.protobuf.GeneratedMessageTest" time="0.098" tests="81" errors="0" skipped="0" failures="0">
  <properties>
    <property name="java.runtime.name" value="Java(TM) SE Runtime Environment"/>
    <property name="sun.boot.library.path" value="C:\Program Files\Java\jdk1.8.0_121\jre\bin"/>
    <property name="java.vm.version" value="25.121-b13"/>
    <property name="java.vm.vendor" value="Oracle Corporation"/>
    <property name="maven.multiModuleProjectDirectory" value="C:\Users\Lester\Desktop\3.3.0\protobuf-3.3.0\protobuf-3.3.0\java"/>
    <property name="java.vendor.url" value="http://java.oracle.com/"/>
    <property name="path.separator" value=";"/>
    <property name="guice.disable.misplaced.annotation.check" value="true"/>
    <property name="java.vm.name" value="Java HotSpot(TM) 64-Bit Server VM"/>
    <property name="file.encoding.pkg" value="sun.io"/>
    <property name="user.script" value=""/>
    <property name="user.country" value="US"/>
    <property name="sun.java.launcher" value="SUN_STANDARD"/>
    <property name="sun.os.patch.level" value="Service Pack 1"/>
    <property name="java.vm.specification.name" value="Java Virtual Machine Specification"/>
    <property name="user.dir" value="C:\Users\Lester\Desktop\3.3.0\protobuf-3.3.0\protobuf-3.3.0\java"/>
    <property name="java.runtime.version" value="1.8.0_121-b13"/>
    <property name="java.awt.graphicsenv" value="sun.awt.Win32GraphicsEnvironment"/>
    <property name="java.endorsed.dirs" value="C:\Program Files\Java\jdk1.8.0_121\jre\lib\endorsed"/>
    <property name="os.arch" value="amd64"/>
    <property name="java.io.tmpdir" value="C:\Users\Lester\AppData\Local\Temp\"/>
    <property name="line.separator" value="&#10;"/>
    <property name="java.vm.specification.vendor" value="Oracle Corporation"/>
    <property name="user.variant" value=""/>
    <property name="os.name" value="Windows 7"/>
    <property name="classworlds.conf" value="C:\Program Files\Apache Software Foundation\apache-maven-3.5.0\bin\..\bin\m2.conf"/>
    <property name="sun.jnu.encoding" value="Cp1252"/>
    <property name="java.library.path" value="C:\Program Files\Java\jdk1.8.0_121\bin;C:\Windows\Sun\Java\bin;C:\Windows\system32;C:\Windows;C:\Program Files\Broadcom\Broadcom 802.11;C:\Program Files\MiKTeX 2.9\miktex\bin\x64\;C:\Program Files\Microsoft SQL Server\Client SDK\ODBC\110\Tools\Binn\;C:\Program Files (x86)\Microsoft SQL Server\120\Tools\Binn\;C:\Program Files\Microsoft SQL Server\120\Tools\Binn\;C:\Program Files\Microsoft SQL Server\120\DTS\Binn\;C:\Program Files (x86)\Microsoft SQL Server\120\Tools\Binn\ManagementStudio\;C:\Program Files (x86)\Microsoft SQL Server\120\DTS\Binn\;C:\Program Files\Apache Software Foundation\apache-maven-3.5.0\bin;C:\Program Files\Java\jdk1.8.0_121\bin;C:\Users\Lester\Desktop\protoc-3.2.0-win32\bin;%M2_HOME\bin%;C:\Users\Lester\Desktop\3.3.0\protobuf-3.3.0\protobuf-3.3.0\examples;."/>
    <property name="maven.conf" value="C:\Program Files\Apache Software Foundation\apache-maven-3.5.0\bin\../conf"/>
    <property name="java.specification.name" value="Java Platform API Specification"/>
    <property name="java.class.version" value="52.0"/>
    <property name="sun.management.compiler" value="HotSpot 64-Bit Tiered Compilers"/>
    <property name="os.version" value="6.1"/>
    <property name="library.jansi.path" value="C:\Program Files\Apache Software Foundation\apache-maven-3.5.0\bin\..\lib\jansi-native\windows64"/>
    <property name="user.home" value="C:\Users\Lester"/>
    <property name="user.timezone" value="America/Los_Angeles"/>
    <property name="java.awt.printerjob" value="sun.awt.windows.WPrinterJob"/>
    <property name="java.specification.version" value="1.8"/>
    <property name="file.encoding" value="Cp1252"/>
    <property name="user.name" value="Lester"/>
    <property name="java.class.path" value="C:\Program Files\Apache Software Foundation\apache-maven-3.5.0\bin\..\boot\plexus-classworlds-2.5.2.jar"/>
    <property name="java.vm.specification.version" value="1.8"/>
    <property name="sun.arch.data.model" value="64"/>
    <property name="java.home" value="C:\Program Files\Java\jdk1.8.0_121\jre"/>
    <property name="sun.java.command" value="org.codehaus.plexus.classworlds.launcher.Launcher package"/>
    <property name="java.specification.vendor" value="Oracle Corporation"/>
    <property name="user.language" value="en"/>
    <property name="awt.toolkit" value="sun.awt.windows.WToolkit"/>
    <property name="java.vm.info" value="mixed mode"/>
    <property name="java.version" value="1.8.0_121"/>
    <property name="java.ext.dirs" value="C:\Program Files\Java\jdk1.8.0_121\jre\lib\ext;C:\Windows\Sun\Java\lib\ext"/>
    <property name="sun.boot.class.path" value="C:\Program Files\Java\jdk1.8.0_121\jre\lib\resources.jar;C:\Program Files\Java\jdk1.8.0_121\jre\lib\rt.jar;C:\Program Files\Java\jdk1.8.0_121\jre\lib\sunrsasign.jar;C:\Program Files\Java\jdk1.8.0_121\jre\lib\jsse.jar;C:\Program Files\Java\jdk1.8.0_121\jre\lib\jce.jar;C:\Program Files\Java\jdk1.8.0_121\jre\lib\charsets.jar;C:\Program Files\Java\jdk1.8.0_121\jre\lib\jfr.jar;C:\Program Files\Java\jdk1.8.0_121\jre\classes"/>
    <property name="sun.stderr.encoding" value="cp437"/>
    <property name="java.vendor" value="Oracle Corporation"/>
    <property name="maven.home" value="C:\Program Files\Apache Software Foundation\apache-maven-3.5.0\bin\.."/>
    <property name="file.separator" value="\"/>
    <property name="java.vendor.url.bug" value="http://bugreport.sun.com/bugreport/"/>
    <property name="sun.cpu.endian" value="little"/>
    <property name="sun.io.unicode.encoding" value="UnicodeLittle"/>
    <property name="sun.stdout.encoding" value="cp437"/>
    <property name="sun.desktop" value="windows"/>
    <property name="sun.cpu.isalist" value="amd64"/>
  </properties>
  <testcase name="testRepeatedSetters" classname="com.google.protobuf.GeneratedMessageTest" time="0"/>
  <testcase name="testReflectionGetters" classname="com.google.protobuf.GeneratedMessageTest" time="0"/>
  <testcase name="testMessageOrBuilder" classname="com.google.protobuf.GeneratedMessageTest" time="0"/>
  <testcase name="testEnumValues" classname="com.google.protobuf.GeneratedMessageTest" time="0"/>
  <testcase name="testExtensionReflectionSettersRejectNull" classname="com.google.protobuf.GeneratedMessageTest" time="0"/>
  <testcase name="testEnumMap" classname="com.google.protobuf.GeneratedMessageTest" time="0"/>
  <testcase name="testDefaultInstance" classname="com.google.protobuf.GeneratedMessageTest" time="0"/>
  <testcase name="testMessageOrBuilderGetters" classname="com.google.protobuf.GeneratedMessageTest" time="0"/>
  <testcase name="testExtensionReflectionDefaults" classname="com.google.protobuf.GeneratedMessageTest" time="0"/>
  <testcase name="testInvalidations_Extensions" classname="com.google.protobuf.GeneratedMessageTest" time="0"/>
  <testcase name="testClearOneof" classname="com.google.protobuf.GeneratedMessageTest" time="0"/>
  <testcase name="testExtensionDefaults" classname="com.google.protobuf.GeneratedMessageTest" time="0"/>
  <testcase name="testParsedMessagesAreImmutable" classname="com.google.protobuf.GeneratedMessageTest" time="0"/>
  <testcase name="testOneofNestedBuilderOnChangePropagation" classname="com.google.protobuf.GeneratedMessageTest" time="0"/>
  <testcase name="testSerializePartial" classname="com.google.protobuf.GeneratedMessageTest" time="0.003"/>
  <testcase name="testClear" classname="com.google.protobuf.GeneratedMessageTest" time="0.001"/>
  <testcase name="testExtensionReflectionGetters" classname="com.google.protobuf.GeneratedMessageTest" time="0.003"/>
  <testcase name="testReflectionGetOneof" classname="com.google.protobuf.GeneratedMessageTest" time="0"/>
  <testcase name="testNestedExtensionInitialization" classname="com.google.protobuf.GeneratedMessageTest" time="0.005"/>
  <testcase name="testParseUnpackedToPacked" classname="com.google.protobuf.GeneratedMessageTest" time="0"/>
  <testcase name="testReflectionClearOneof" classname="com.google.protobuf.GeneratedMessageTest" time="0.003"/>
  <testcase name="testToBuilder" classname="com.google.protobuf.GeneratedMessageTest" time="0"/>
  <testcase name="testExtensionCopy" classname="com.google.protobuf.GeneratedMessageTest" time="0.002"/>
  <testcase name="testOneofSerialization" classname="com.google.protobuf.GeneratedMessageTest" time="0.005"/>
  <testcase name="testExtensionRepeatedSetters" classname="com.google.protobuf.GeneratedMessageTest" time="0"/>
  <testcase name="testLiteExtensionMessageOrBuilder" classname="com.google.protobuf.GeneratedMessageTest" time="0.013"/>
  <testcase name="testNonNestedExtensionInitialization" classname="com.google.protobuf.GeneratedMessageTest" time="0"/>
  <testcase name="testConflictingOuterClassName" classname="com.google.protobuf.GeneratedMessageTest" time="0.005"/>
  <testcase name="testBaseMessageOrBuilder" classname="com.google.protobuf.GeneratedMessageTest" time="0"/>
  <testcase name="testEnumValueOptionsInMultipleFilesMode" classname="com.google.protobuf.GeneratedMessageTest" time="0.017"/>
  <testcase name="testSettingRepeatedForeignMessageUsingBuilder" classname="com.google.protobuf.GeneratedMessageTest" time="0"/>
  <testcase name="testGetFieldBuilderNotSupportedException" classname="com.google.protobuf.GeneratedMessageTest" time="0"/>
  <testcase name="testReflectionRepeatedSetters" classname="com.google.protobuf.GeneratedMessageTest" time="0.005"/>
  <testcase name="testUnsetRepeatedExtensionGetField" classname="com.google.protobuf.GeneratedMessageTest" time="0"/>
  <testcase name="testReflectionSetters" classname="com.google.protobuf.GeneratedMessageTest" time="0"/>
  <testcase name="testExtensionReflectionRepeatedSetters" classname="com.google.protobuf.GeneratedMessageTest" time="0"/>
  <testcase name="testSerialize" classname="com.google.protobuf.GeneratedMessageTest" time="0"/>
  <testcase name="testUninitializedExtensionInOptimizedForSize" classname="com.google.protobuf.GeneratedMessageTest" time="0"/>
  <testcase name="testExtensionMessageOrBuilder" classname="com.google.protobuf.GeneratedMessageTest" time="0"/>
  <testcase name="testFieldConstantValues" classname="com.google.protobuf.GeneratedMessageTest" time="0"/>
  <testcase name="testRepeatedAppendRejectsNull" classname="com.google.protobuf.GeneratedMessageTest" time="0"/>
  <testcase name="testExtensionReflectionRepeatedSettersRejectNull" classname="com.google.protobuf.GeneratedMessageTest" time="0"/>
  <testcase name="testReflectionSettersRejectNull" classname="com.google.protobuf.GeneratedMessageTest" time="0"/>
  <testcase name="testRepeatedAppendIterateOnlyOnce" classname="com.google.protobuf.GeneratedMessageTest" time="0"/>
  <testcase name="testNestedExtensionLiteInitialization" classname="com.google.protobuf.GeneratedMessageTest" time="0"/>
  <testcase name="testOneofMerge" classname="com.google.protobuf.GeneratedMessageTest" time="0"/>
  <testcase name="testOneofTypes" classname="com.google.protobuf.GeneratedMessageTest" time="0"/>
  <testcase name="testNonNestedExtensionLiteInitialization" classname="com.google.protobuf.GeneratedMessageTest" time="0"/>
  <testcase name="testSetOneofClearsOthers" classname="com.google.protobuf.GeneratedMessageTest" time="0"/>
  <testcase name="testGetFieldBuilderWithInitializedValue" classname="com.google.protobuf.GeneratedMessageTest" time="0"/>
  <testcase name="testRecursiveMessageDefaultInstance" classname="com.google.protobuf.GeneratedMessageTest" time="0"/>
  <testcase name="testRepeatedArraysAreImmutable" classname="com.google.protobuf.GeneratedMessageTest" time="0"/>
  <testcase name="testSettingForeignMessageUsingBuilder" classname="com.google.protobuf.GeneratedMessageTest" time="0.003"/>
  <testcase name="testGetRepeatedFieldBuilderNotSupportedException" classname="com.google.protobuf.GeneratedMessageTest" time="0"/>
  <testcase name="testReflectionRepeatedSettersRejectNull" classname="com.google.protobuf.GeneratedMessageTest" time="0"/>
  <testcase name="testLiteExtensionMergeFrom" classname="com.google.protobuf.GeneratedMessageTest" time="0"/>
  <testcase name="testRepeatedSettersRejectNull" classname="com.google.protobuf.GeneratedMessageTest" time="0"/>
  <testcase name="testLiteExtensionDefaults" classname="com.google.protobuf.GeneratedMessageTest" time="0.002"/>
  <testcase name="testExtensionReflectionSetters" classname="com.google.protobuf.GeneratedMessageTest" time="0"/>
  <testcase name="testParsePackedToUnpacked" classname="com.google.protobuf.GeneratedMessageTest" time="0.003"/>
  <testcase name="testClearExtension" classname="com.google.protobuf.GeneratedMessageTest" time="0"/>
  <testcase name="testOptionalFieldWithRequiredSubfieldsOptimizedForSize" classname="com.google.protobuf.GeneratedMessageTest" time="0.005"/>
  <testcase name="testUsingBuilderMultipleTimes" classname="com.google.protobuf.GeneratedMessageTest" time="0"/>
  <testcase name="testInvalidations" classname="com.google.protobuf.GeneratedMessageTest" time="0"/>
  <testcase name="testDefaults" classname="com.google.protobuf.GeneratedMessageTest" time="0"/>
  <testcase name="testProtosShareRepeatedArraysIfDidntChange" classname="com.google.protobuf.GeneratedMessageTest" time="0"/>
  <testcase name="testMultipleFilesOption" classname="com.google.protobuf.GeneratedMessageTest" time="0.012"/>
  <testcase name="testGetRepeatedFieldBuilderWithInitializedValue" classname="com.google.protobuf.GeneratedMessageTest" time="0.003"/>
  <testcase name="testExtensionMergeFrom" classname="com.google.protobuf.GeneratedMessageTest" time="0"/>
  <testcase name="testRepeatedAppend" classname="com.google.protobuf.GeneratedMessageTest" time="0"/>
  <testcase name="testLiteExtensionRepeatedSetters" classname="com.google.protobuf.GeneratedMessageTest" time="0"/>
  <testcase name="testGetRepeatedFieldBuilder" classname="com.google.protobuf.GeneratedMessageTest" time="0"/>
  <testcase name="testExtensionConstantValues" classname="com.google.protobuf.GeneratedMessageTest" time="0"/>
  <testcase name="testClearLiteExtension" classname="com.google.protobuf.GeneratedMessageTest" time="0"/>
  <testcase name="testLiteExtensionCopy" classname="com.google.protobuf.GeneratedMessageTest" time="0.007"/>
  <testcase name="testGetFieldBuilder" classname="com.google.protobuf.GeneratedMessageTest" time="0"/>
  <testcase name="testOneofEnumCase" classname="com.google.protobuf.GeneratedMessageTest" time="0"/>
  <testcase name="testReflectionDefaults" classname="com.google.protobuf.GeneratedMessageTest" time="0"/>
  <testcase name="testMergeFromOtherRejectsNull" classname="com.google.protobuf.GeneratedMessageTest" time="0"/>
  <testcase name="testSettersRejectNull" classname="com.google.protobuf.GeneratedMessageTest" time="0"/>
  <testcase name="testEnumInterface" classname="com.google.protobuf.GeneratedMessageTest" time="0"/>
</testsuite>